<?xml version="1.0" encoding="UTF-8"?>
<testng-results ignored="0" total="1" passed="1" failed="0" skipped="0">
  <reporter-output>
  </reporter-output>
  <suite started-at="2021-09-26T11:06:29 IST" name="Default suite" finished-at="2021-09-26T11:06:55 IST" duration-ms="26329">
    <groups>
    </groups>
    <test started-at="2021-09-26T11:06:29 IST" name="Default test" finished-at="2021-09-26T11:06:55 IST" duration-ms="26329">
      <class name="MavenProject.casestudy.jpnagarStoreAddress">
        <test-method signature="signupdetails()[pri:0, instance:MavenProject.casestudy.jpnagarStoreAddress@6aa61224]" started-at="2021-09-26T11:06:29 IST" name="signupdetails" finished-at="2021-09-26T11:06:55 IST" duration-ms="26080" status="PASS">
          <reporter-output>
          </reporter-output>
        </test-method> <!-- signupdetails -->
      </class> <!-- MavenProject.casestudy.jpnagarStoreAddress -->
    </test> <!-- Default test -->
  </suite> <!-- Default suite -->
</testng-results>
