<?xml version="1.0" encoding="UTF-8"?>
<!-- Generated by org.testng.reporters.JUnitXMLReporter -->
<testsuite ignored="0" hostname="LAPTOP-112CTCC4" failures="0" tests="5" name="Test" time="198.983" errors="0" timestamp="2021-09-26T11:23:01 IST">
  <testcase classname="cucumber.api.testng.AbstractTestNGCucumberTests" name="feature" time="32.505"/>
  <testcase classname="cucumber.api.testng.AbstractTestNGCucumberTests" name="feature" time="18.604"/>
  <testcase classname="cucumber.api.testng.AbstractTestNGCucumberTests" name="feature" time="87.988"/>
  <testcase classname="cucumber.api.testng.AbstractTestNGCucumberTests" name="feature" time="38.326"/>
  <testcase classname="cucumber.api.testng.AbstractTestNGCucumberTests" name="feature" time="20.881"/>
</testsuite> <!-- Test -->
