<?xml version="1.0" encoding="UTF-8"?>
<testng-results ignored="0" total="5" passed="5" failed="0" skipped="0">
  <reporter-output>
  </reporter-output>
  <suite started-at="2021-09-26T11:19:42 IST" name="Suite" finished-at="2021-09-26T11:23:01 IST" duration-ms="198983">
    <groups>
      <group name="cucumber">
        <method signature="AbstractTestNGCucumberTests.feature(cucumber.api.testng.CucumberFeatureWrapper)[pri:0, instance:cucumberoptions.testrunner@158d2680]" name="feature" class="cucumber.api.testng.AbstractTestNGCucumberTests"/>
      </group> <!-- cucumber -->
    </groups>
    <test started-at="2021-09-26T11:19:42 IST" name="Test" finished-at="2021-09-26T11:23:01 IST" duration-ms="198983">
      <class name="cucumberoptions.testrunner">
        <test-method is-config="true" signature="setUpClass()[pri:0, instance:cucumberoptions.testrunner@158d2680]" started-at="2021-09-26T11:19:42 IST" name="setUpClass" finished-at="2021-09-26T11:19:42 IST" duration-ms="465" status="PASS">
          <reporter-output>
          </reporter-output>
        </test-method> <!-- setUpClass -->
        <test-method signature="feature(cucumber.api.testng.CucumberFeatureWrapper)[pri:0, instance:cucumberoptions.testrunner@158d2680]" started-at="2021-09-26T11:19:42 IST" name="feature" description="Runs Cucumber Feature" data-provider="features" finished-at="2021-09-26T11:20:15 IST" duration-ms="32505" status="PASS">
          <params>
            <param index="0">
              <value>
                <![CDATA[My Profile login/signup feature]]>
              </value>
            </param>
          </params>
          <reporter-output>
          </reporter-output>
        </test-method> <!-- feature -->
        <test-method signature="feature(cucumber.api.testng.CucumberFeatureWrapper)[pri:0, instance:cucumberoptions.testrunner@158d2680]" started-at="2021-09-26T11:20:15 IST" name="feature" description="Runs Cucumber Feature" data-provider="features" finished-at="2021-09-26T11:20:33 IST" duration-ms="18604" status="PASS">
          <params>
            <param index="0">
              <value>
                <![CDATA[Available Delivery Locations]]>
              </value>
            </param>
          </params>
          <reporter-output>
          </reporter-output>
        </test-method> <!-- feature -->
        <test-method signature="feature(cucumber.api.testng.CucumberFeatureWrapper)[pri:0, instance:cucumberoptions.testrunner@158d2680]" started-at="2021-09-26T11:20:33 IST" name="feature" description="Runs Cucumber Feature" data-provider="features" finished-at="2021-09-26T11:22:01 IST" duration-ms="87988" status="PASS">
          <params>
            <param index="0">
              <value>
                <![CDATA[dropdowns feature]]>
              </value>
            </param>
          </params>
          <reporter-output>
          </reporter-output>
        </test-method> <!-- feature -->
        <test-method signature="feature(cucumber.api.testng.CucumberFeatureWrapper)[pri:0, instance:cucumberoptions.testrunner@158d2680]" started-at="2021-09-26T11:22:01 IST" name="feature" description="Runs Cucumber Feature" data-provider="features" finished-at="2021-09-26T11:22:40 IST" duration-ms="38326" status="PASS">
          <params>
            <param index="0">
              <value>
                <![CDATA[Header featurelinks feature]]>
              </value>
            </param>
          </params>
          <reporter-output>
          </reporter-output>
        </test-method> <!-- feature -->
        <test-method signature="feature(cucumber.api.testng.CucumberFeatureWrapper)[pri:0, instance:cucumberoptions.testrunner@158d2680]" started-at="2021-09-26T11:22:40 IST" name="feature" description="Runs Cucumber Feature" data-provider="features" finished-at="2021-09-26T11:23:01 IST" duration-ms="20881" status="PASS">
          <params>
            <param index="0">
              <value>
                <![CDATA[Furniture prices feature]]>
              </value>
            </param>
          </params>
          <reporter-output>
          </reporter-output>
        </test-method> <!-- feature -->
        <test-method is-config="true" signature="tearDownClass()[pri:0, instance:cucumberoptions.testrunner@158d2680]" started-at="2021-09-26T11:23:01 IST" name="tearDownClass" finished-at="2021-09-26T11:23:01 IST" duration-ms="16" status="PASS">
          <reporter-output>
          </reporter-output>
        </test-method> <!-- tearDownClass -->
      </class> <!-- cucumberoptions.testrunner -->
    </test> <!-- Test -->
  </suite> <!-- Suite -->
</testng-results>
